android/app/build/intermediates/manifest_merge_blame_file/release/manifest-merger-blame-release-report.txt
1<?xml version="1.0" encoding="utf-8"?>
2<manifest xmlns:android="http://schemas.android.com/apk/res/android"
3    package="com.taptap"
4    android:versionCode="1"
5    android:versionName="1.0" >
6
7    <uses-sdk
8        android:minSdkVersion="23"
9        android:targetSdkVersion="34" />
10
11    <uses-permission android:name="android.permission.INTERNET" />
11-->src/main/AndroidManifest.xml:3:5-67
11-->src/main/AndroidManifest.xml:3:22-64
12    <!-- Required by older versions of Google Play services to create IID tokens -->
13    <uses-permission android:name="com.google.android.c2dm.permission.RECEIVE" />
13-->[com.google.android.gms:play-services-iid:17.0.0] AndroidManifest.xml:23:5-82
13-->[com.google.android.gms:play-services-iid:17.0.0] AndroidManifest.xml:23:22-79
14
15    <permission
15-->[androidx.core:core:1.9.0] AndroidManifest.xml:22:5-24:47
16        android:name="com.taptap.DYNAMIC_RECEIVER_NOT_EXPORTED_PERMISSION"
16-->[androidx.core:core:1.9.0] AndroidManifest.xml:23:9-81
17        android:protectionLevel="signature" />
17-->[androidx.core:core:1.9.0] AndroidManifest.xml:24:9-44
18
19    <uses-permission android:name="com.taptap.DYNAMIC_RECEIVER_NOT_EXPORTED_PERMISSION" />
19-->[androidx.core:core:1.9.0] AndroidManifest.xml:26:5-97
19-->[androidx.core:core:1.9.0] AndroidManifest.xml:26:22-94
20    <uses-permission android:name="com.google.android.finsky.permission.BIND_GET_INSTALL_REFERRER_SERVICE" />
20-->[com.android.installreferrer:installreferrer:1.1.2] AndroidManifest.xml:9:5-110
20-->[com.android.installreferrer:installreferrer:1.1.2] AndroidManifest.xml:9:22-107
21
22    <application
22-->src/main/AndroidManifest.xml:5:5-24:19
23        android:name="com.taptap.MainApplication"
23-->src/main/AndroidManifest.xml:6:7-38
24        android:allowBackup="false"
24-->src/main/AndroidManifest.xml:10:7-34
25        android:appComponentFactory="androidx.core.app.CoreComponentFactory"
25-->[androidx.core:core:1.9.0] AndroidManifest.xml:28:18-86
26        android:extractNativeLibs="false"
27        android:icon="@mipmap/ic_launcher"
27-->src/main/AndroidManifest.xml:8:7-41
28        android:label="@string/app_name"
28-->src/main/AndroidManifest.xml:7:7-39
29        android:roundIcon="@mipmap/ic_launcher_round"
29-->src/main/AndroidManifest.xml:9:7-52
30        android:theme="@style/AppTheme" >
30-->src/main/AndroidManifest.xml:11:7-38
31        <activity
31-->src/main/AndroidManifest.xml:12:7-23:18
32            android:name="com.taptap.MainActivity"
32-->src/main/AndroidManifest.xml:13:9-37
33            android:configChanges="keyboard|keyboardHidden|orientation|screenLayout|screenSize|smallestScreenSize|uiMode"
33-->src/main/AndroidManifest.xml:15:9-118
34            android:exported="true"
34-->src/main/AndroidManifest.xml:18:9-32
35            android:label="@string/app_name"
35-->src/main/AndroidManifest.xml:14:9-41
36            android:launchMode="singleTask"
36-->src/main/AndroidManifest.xml:16:9-40
37            android:windowSoftInputMode="adjustResize" >
37-->src/main/AndroidManifest.xml:17:9-51
38            <intent-filter>
38-->src/main/AndroidManifest.xml:19:9-22:25
39                <action android:name="android.intent.action.MAIN" />
39-->src/main/AndroidManifest.xml:20:13-65
39-->src/main/AndroidManifest.xml:20:21-62
40
41                <category android:name="android.intent.category.LAUNCHER" />
41-->src/main/AndroidManifest.xml:21:13-73
41-->src/main/AndroidManifest.xml:21:23-70
42            </intent-filter>
43        </activity>
44        <activity
44-->[com.google.android.gms:play-services-base:17.0.0] AndroidManifest.xml:23:9-26:75
45            android:name="com.google.android.gms.common.api.GoogleApiActivity"
45-->[com.google.android.gms:play-services-base:17.0.0] AndroidManifest.xml:24:13-79
46            android:exported="false"
46-->[com.google.android.gms:play-services-base:17.0.0] AndroidManifest.xml:25:13-37
47            android:theme="@android:style/Theme.Translucent.NoTitleBar" />
47-->[com.google.android.gms:play-services-base:17.0.0] AndroidManifest.xml:26:13-72
48
49        <meta-data
49-->[com.google.android.gms:play-services-basement:17.0.0] AndroidManifest.xml:23:9-25:69
50            android:name="com.google.android.gms.version"
50-->[com.google.android.gms:play-services-basement:17.0.0] AndroidManifest.xml:24:13-58
51            android:value="@integer/google_play_services_version" />
51-->[com.google.android.gms:play-services-basement:17.0.0] AndroidManifest.xml:25:13-66
52
53        <provider
53-->[androidx.emoji2:emoji2:1.2.0] AndroidManifest.xml:24:9-32:20
54            android:name="androidx.startup.InitializationProvider"
54-->[androidx.emoji2:emoji2:1.2.0] AndroidManifest.xml:25:13-67
55            android:authorities="com.taptap.androidx-startup"
55-->[androidx.emoji2:emoji2:1.2.0] AndroidManifest.xml:26:13-68
56            android:exported="false" >
56-->[androidx.emoji2:emoji2:1.2.0] AndroidManifest.xml:27:13-37
57            <meta-data
57-->[androidx.emoji2:emoji2:1.2.0] AndroidManifest.xml:29:13-31:52
58                android:name="androidx.emoji2.text.EmojiCompatInitializer"
58-->[androidx.emoji2:emoji2:1.2.0] AndroidManifest.xml:30:17-75
59                android:value="androidx.startup" />
59-->[androidx.emoji2:emoji2:1.2.0] AndroidManifest.xml:31:17-49
60            <meta-data
60-->[androidx.lifecycle:lifecycle-process:2.4.1] AndroidManifest.xml:31:13-33:52
61                android:name="androidx.lifecycle.ProcessLifecycleInitializer"
61-->[androidx.lifecycle:lifecycle-process:2.4.1] AndroidManifest.xml:32:17-78
62                android:value="androidx.startup" />
62-->[androidx.lifecycle:lifecycle-process:2.4.1] AndroidManifest.xml:33:17-49
63        </provider>
64
65        <meta-data
65-->[com.facebook.soloader:soloader:0.10.5] AndroidManifest.xml:12:9-14:37
66            android:name="com.facebook.soloader.enabled"
66-->[com.facebook.soloader:soloader:0.10.5] AndroidManifest.xml:13:13-57
67            android:value="false" />
67-->[com.facebook.soloader:soloader:0.10.5] AndroidManifest.xml:14:13-34
68    </application>
69
70</manifest>